<?xml version="1.0" encoding="UTF-8"?>
<testsuite xmlns:xsi="http://www.w3.org/2001/XMLSchema-instance" xsi:noNamespaceSchemaLocation="https://maven.apache.org/surefire/maven-surefire-plugin/xsd/surefire-test-report-3.0.xsd" version="3.0" name="com.mstitel.timemanager.TimemanagerApplicationTests" time="4.778" tests="1" errors="0" skipped="0" failures="0">
  <properties>
[...]
</properties>
  <testcase name="contextLoads" classname="com.mstitel.timemanager.TimemanagerApplicationTests" time="0.831">
    <system-out><![CDATA[14:43:23.503 [main] INFO org.springframework.test.context.support.AnnotationConfigContextLoaderUtils -- Could not detect default configuration classes for test class [com.mstitel.timemanager.TimemanagerApplicationTests]: TimemanagerApplicationTests does not declare any static, non-private, non-final, nested classes annotated with @Configuration.
14:43:23.656 [main] INFO org.springframework.boot.test.context.SpringBootTestContextBootstrapper -- Found @SpringBootConfiguration com.mstitel.timemanager.TimemanagerApplication for test class com.mstitel.timemanager.TimemanagerApplicationTests

  .   ____          _            __ _ _
 /\\ / ___'_ __ _ _(_)_ __  __ _ \ \ \ \
( ( )\___ | '_ | '_| | '_ \/ _` | \ \ \ \
 \\/  ___)| |_)| | | | | || (_| |  ) ) ) )
  '  |____| .__|_| |_|_| |_\__, | / / / /
 =========|_|==============|___/=/_/_/_/
 :: Spring Boot ::                (v3.1.1)

2023-08-27T14:43:24.247+02:00  INFO 2156 --- [           main] m.p.springdotenv.DotenvPropertySource    : Initializing Dotenv with DotenvConfig{directory=null, filename=null, ignoreIfMalformed=false, ignoreIfMissing=true, systemProperties=false, prefix=null}
2023-08-27T14:43:24.264+02:00  INFO 2156 --- [           main] c.m.t.TimemanagerApplicationTests        : Starting TimemanagerApplicationTests using Java 19.0.1 with PID 2156 (started by 48881 in C:\WebSite\app-back)
2023-08-27T14:43:24.265+02:00  INFO 2156 --- [           main] c.m.t.TimemanagerApplicationTests        : No active profile set, falling back to 1 default profile: "default"
2023-08-27T14:43:25.089+02:00  INFO 2156 --- [           main] .s.d.r.c.RepositoryConfigurationDelegate : Bootstrapping Spring Data MongoDB repositories in DEFAULT mode.
2023-08-27T14:43:25.148+02:00  INFO 2156 --- [           main] .s.d.r.c.RepositoryConfigurationDelegate : Finished Spring Data repository scanning in 55 ms. Found 2 MongoDB repository interfaces.
2023-08-27T14:43:25.787+02:00  INFO 2156 --- [           main] org.mongodb.driver.client                : MongoClient with metadata {"driver": {"name": "mongo-java-driver|sync|spring-boot", "version": "4.9.1"}, "os": {"type": "Windows", "name": "Windows 11", "architecture": "amd64", "version": "10.0"}, "platform": "Java/Oracle Corporation/19.0.1+10-21"} created with settings MongoClientSettings{readPreference=primary, writeConcern=WriteConcern{w=majority, wTimeout=null ms, journal=null}, retryWrites=true, retryReads=true, readConcern=ReadConcern{level=null}, credential=MongoCredential{mechanism=null, userName='admin', source='admin', password=<hidden>, mechanismProperties=<hidden>}, streamFactoryFactory=null, commandListeners=[], codecRegistry=ProvidersCodecRegistry{codecProviders=[ValueCodecProvider{}, BsonValueCodecProvider{}, DBRefCodecProvider{}, DBObjectCodecProvider{}, DocumentCodecProvider{}, CollectionCodecProvider{}, IterableCodecProvider{}, MapCodecProvider{}, GeoJsonCodecProvider{}, GridFSFileCodecProvider{}, Jsr310CodecProvider{}, JsonObjectCodecProvider{}, BsonCodecProvider{}, EnumCodecProvider{}, com.mongodb.client.model.mql.ExpressionCodecProvider@7d528cf7, com.mongodb.Jep395RecordCodecProvider@6dee8ae6]}, loggerSettings=LoggerSettings{maxDocumentLength=1000}, clusterSettings={hosts=[127.0.0.1:27017], srvHost=cluster0.e7u7ibw.mongodb.net, srvServiceName=mongodb, mode=MULTIPLE, requiredClusterType=REPLICA_SET, requiredReplicaSetName='atlas-mq1szp-shard-0', serverSelector='null', clusterListeners='[]', serverSelectionTimeout='30000 ms', localThreshold='30000 ms'}, socketSettings=SocketSettings{connectTimeoutMS=10000, readTimeoutMS=0, receiveBufferSize=0, sendBufferSize=0}, heartbeatSocketSettings=SocketSettings{connectTimeoutMS=10000, readTimeoutMS=10000, receiveBufferSize=0, sendBufferSize=0}, connectionPoolSettings=ConnectionPoolSettings{maxSize=100, minSize=0, maxWaitTimeMS=120000, maxConnectionLifeTimeMS=0, maxConnectionIdleTimeMS=0, maintenanceInitialDelayMS=0, maintenanceFrequencyMS=60000, connectionPoolListeners=[], maxConnecting=2}, serverSettings=ServerSettings{heartbeatFrequencyMS=10000, minHeartbeatFrequencyMS=500, serverListeners='[]', serverMonitorListeners='[]'}, sslSettings=SslSettings{enabled=true, invalidHostNameAllowed=false, context=null}, applicationName='null', compressorList=[], uuidRepresentation=JAVA_LEGACY, serverApi=null, autoEncryptionSettings=null, contextProvider=null}
2023-08-27T14:43:25.834+02:00  INFO 2156 --- [ibw.mongodb.net] org.mongodb.driver.cluster               : Adding discovered server ac-rcpx4ay-shard-00-01.e7u7ibw.mongodb.net:27017 to client view of cluster
2023-08-27T14:43:25.869+02:00  INFO 2156 --- [ibw.mongodb.net] org.mongodb.driver.cluster               : Adding discovered server ac-rcpx4ay-shard-00-02.e7u7ibw.mongodb.net:27017 to client view of cluster
2023-08-27T14:43:25.869+02:00  INFO 2156 --- [ibw.mongodb.net] org.mongodb.driver.cluster               : Adding discovered server ac-rcpx4ay-shard-00-00.e7u7ibw.mongodb.net:27017 to client view of cluster
2023-08-27T14:43:26.483+02:00  INFO 2156 --- [ngodb.net:27017] org.mongodb.driver.cluster               : Monitor thread successfully connected to server with description ServerDescription{address=ac-rcpx4ay-shard-00-02.e7u7ibw.mongodb.net:27017, type=REPLICA_SET_SECONDARY, state=CONNECTED, ok=true, minWireVersion=0, maxWireVersion=17, maxDocumentSize=16777216, logicalSessionTimeoutMinutes=30, roundTripTimeNanos=281587200, setName='atlas-mq1szp-shard-0', canonicalAddress=ac-rcpx4ay-shard-00-02.e7u7ibw.mongodb.net:27017, hosts=[ac-rcpx4ay-shard-00-00.e7u7ibw.mongodb.net:27017, ac-rcpx4ay-shard-00-01.e7u7ibw.mongodb.net:27017, ac-rcpx4ay-shard-00-02.e7u7ibw.mongodb.net:27017], passives=[], arbiters=[], primary='ac-rcpx4ay-shard-00-01.e7u7ibw.mongodb.net:27017', tagSet=TagSet{[Tag{name='nodeType', value='ELECTABLE'}, Tag{name='provider', value='AWS'}, Tag{name='region', value='EU_CENTRAL_1'}, Tag{name='workloadType', value='OPERATIONAL'}]}, electionId=null, setVersion=7, topologyVersion=TopologyVersion{processId=64e909097c0648d87c9d3a98, counter=3}, lastWriteDate=Sun Aug 27 14:43:26 CEST 2023, lastUpdateTimeNanos=172069158604100}
2023-08-27T14:43:26.483+02:00  INFO 2156 --- [ngodb.net:27017] org.mongodb.driver.cluster               : Monitor thread successfully connected to server with description ServerDescription{address=ac-rcpx4ay-shard-00-00.e7u7ibw.mongodb.net:27017, type=REPLICA_SET_SECONDARY, state=CONNECTED, ok=true, minWireVersion=0, maxWireVersion=17, maxDocumentSize=16777216, logicalSessionTimeoutMinutes=30, roundTripTimeNanos=283470300, setName='atlas-mq1szp-shard-0', canonicalAddress=ac-rcpx4ay-shard-00-00.e7u7ibw.mongodb.net:27017, hosts=[ac-rcpx4ay-shard-00-00.e7u7ibw.mongodb.net:27017, ac-rcpx4ay-shard-00-01.e7u7ibw.mongodb.net:27017, ac-rcpx4ay-shard-00-02.e7u7ibw.mongodb.net:27017], passives=[], arbiters=[], primary='ac-rcpx4ay-shard-00-01.e7u7ibw.mongodb.net:27017', tagSet=TagSet{[Tag{name='nodeType', value='ELECTABLE'}, Tag{name='provider', value='AWS'}, Tag{name='region', value='EU_CENTRAL_1'}, Tag{name='workloadType', value='OPERATIONAL'}]}, electionId=null, setVersion=7, topologyVersion=TopologyVersion{processId=64e906c58114a47e8a352261, counter=4}, lastWriteDate=Sun Aug 27 14:43:26 CEST 2023, lastUpdateTimeNanos=172069158480600}
2023-08-27T14:43:26.483+02:00  INFO 2156 --- [ngodb.net:27017] org.mongodb.driver.cluster               : Monitor thread successfully connected to server with description ServerDescription{address=ac-rcpx4ay-shard-00-01.e7u7ibw.mongodb.net:27017, type=REPLICA_SET_PRIMARY, state=CONNECTED, ok=true, minWireVersion=0, maxWireVersion=17, maxDocumentSize=16777216, logicalSessionTimeoutMinutes=30, roundTripTimeNanos=285973500, setName='atlas-mq1szp-shard-0', canonicalAddress=ac-rcpx4ay-shard-00-01.e7u7ibw.mongodb.net:27017, hosts=[ac-rcpx4ay-shard-00-00.e7u7ibw.mongodb.net:27017, ac-rcpx4ay-shard-00-01.e7u7ibw.mongodb.net:27017, ac-rcpx4ay-shard-00-02.e7u7ibw.mongodb.net:27017], passives=[], arbiters=[], primary='ac-rcpx4ay-shard-00-01.e7u7ibw.mongodb.net:27017', tagSet=TagSet{[Tag{name='nodeType', value='ELECTABLE'}, Tag{name='provider', value='AWS'}, Tag{name='region', value='EU_CENTRAL_1'}, Tag{name='workloadType', value='OPERATIONAL'}]}, electionId=7fffffff0000000000000208, setVersion=7, topologyVersion=TopologyVersion{processId=64e907c951cf678f615171a8, counter=6}, lastWriteDate=Sun Aug 27 14:43:26 CEST 2023, lastUpdateTimeNanos=172069158480500}
2023-08-27T14:43:26.488+02:00  INFO 2156 --- [ngodb.net:27017] org.mongodb.driver.cluster               : Discovered replica set primary ac-rcpx4ay-shard-00-01.e7u7ibw.mongodb.net:27017 with max election id 7fffffff0000000000000208 and max set version 7
2023-08-27T14:43:26.846+02:00  INFO 2156 --- [           main] o.s.s.web.DefaultSecurityFilterChain     : Will secure any request with [org.springframework.security.web.session.DisableEncodeUrlFilter@10e56da9, org.springframework.security.web.context.request.async.WebAsyncManagerIntegrationFilter@28cb86b2, org.springframework.security.web.context.SecurityContextHolderFilter@7404ddca, org.springframework.security.web.header.HeaderWriterFilter@59f45950, org.springframework.security.web.authentication.logout.LogoutFilter@12cd129c, org.springframework.web.filter.CorsFilter@22ae905f, com.mstitel.timemanager.AuthenticationTokenFilter@748904e8, org.springframework.security.web.savedrequest.RequestCacheAwareFilter@4438938e, org.springframework.security.web.servletapi.SecurityContextHolderAwareRequestFilter@4e50ae56, org.springframework.security.web.authentication.AnonymousAuthenticationFilter@4fbaa7f5, org.springframework.security.web.session.SessionManagementFilter@33f4c769, org.springframework.security.web.access.ExceptionTranslationFilter@16a6dc21, org.springframework.security.web.access.intercept.AuthorizationFilter@51ed2f68]
2023-08-27T14:43:27.249+02:00  INFO 2156 --- [           main] c.m.t.TimemanagerApplicationTests        : Started TimemanagerApplicationTests in 3.381 seconds (process running for 4.616)
]]></system-out>
  </testcase>
</testsuite>