<?xml version="1.0" encoding="UTF-8"?>
<testsuite xmlns:xsi="http://www.w3.org/2001/XMLSchema-instance" xsi:noNamespaceSchemaLocation="https://maven.apache.org/surefire/maven-surefire-plugin/xsd/surefire-test-report-3.0.xsd" version="3.0" name="com.mstitel.timemanager.TimemanagerApplicationTests" time="4.35" tests="1" errors="0" skipped="0" failures="0">
  <properties>
[...]
</properties>
  <testcase name="contextLoads" classname="com.mstitel.timemanager.TimemanagerApplicationTests" time="0.88">
    <system-out><![CDATA[15:43:31.328 [main] INFO org.springframework.test.context.support.AnnotationConfigContextLoaderUtils -- Could not detect default configuration classes for test class [com.mstitel.timemanager.TimemanagerApplicationTests]: TimemanagerApplicationTests does not declare any static, non-private, non-final, nested classes annotated with @Configuration.
15:43:31.442 [main] INFO org.springframework.boot.test.context.SpringBootTestContextBootstrapper -- Found @SpringBootConfiguration com.mstitel.timemanager.TimemanagerApplication for test class com.mstitel.timemanager.TimemanagerApplicationTests

  .   ____          _            __ _ _
 /\\ / ___'_ __ _ _(_)_ __  __ _ \ \ \ \
( ( )\___ | '_ | '_| | '_ \/ _` | \ \ \ \
 \\/  ___)| |_)| | | | | || (_| |  ) ) ) )
  '  |____| .__|_| |_|_| |_\__, | / / / /
 =========|_|==============|___/=/_/_/_/
 :: Spring Boot ::                (v3.1.1)

2023-09-13T15:43:31.864+02:00  INFO 16604 --- [           main] m.p.springdotenv.DotenvPropertySource    : Initializing Dotenv with DotenvConfig{directory=null, filename=null, ignoreIfMalformed=false, ignoreIfMissing=true, systemProperties=false, prefix=null}
2023-09-13T15:43:31.879+02:00  INFO 16604 --- [           main] c.m.t.TimemanagerApplicationTests        : Starting TimemanagerApplicationTests using Java 19.0.1 with PID 16604 (started by 48881 in C:\Users\48881\IdeaProjects\Portfolio\timemanagerapp\timemanager)
2023-09-13T15:43:31.881+02:00  INFO 16604 --- [           main] c.m.t.TimemanagerApplicationTests        : No active profile set, falling back to 1 default profile: "default"
2023-09-13T15:43:32.594+02:00  INFO 16604 --- [           main] .s.d.r.c.RepositoryConfigurationDelegate : Bootstrapping Spring Data MongoDB repositories in DEFAULT mode.
2023-09-13T15:43:32.664+02:00  INFO 16604 --- [           main] .s.d.r.c.RepositoryConfigurationDelegate : Finished Spring Data repository scanning in 65 ms. Found 4 MongoDB repository interfaces.
2023-09-13T15:43:33.297+02:00  INFO 16604 --- [           main] org.mongodb.driver.client                : MongoClient with metadata {"driver": {"name": "mongo-java-driver|sync|spring-boot", "version": "4.9.1"}, "os": {"type": "Windows", "name": "Windows 11", "architecture": "amd64", "version": "10.0"}, "platform": "Java/Oracle Corporation/19.0.1+10-21"} created with settings MongoClientSettings{readPreference=primary, writeConcern=WriteConcern{w=majority, wTimeout=null ms, journal=null}, retryWrites=true, retryReads=true, readConcern=ReadConcern{level=null}, credential=MongoCredential{mechanism=null, userName='admin', source='admin', password=<hidden>, mechanismProperties=<hidden>}, streamFactoryFactory=null, commandListeners=[], codecRegistry=ProvidersCodecRegistry{codecProviders=[ValueCodecProvider{}, BsonValueCodecProvider{}, DBRefCodecProvider{}, DBObjectCodecProvider{}, DocumentCodecProvider{}, CollectionCodecProvider{}, IterableCodecProvider{}, MapCodecProvider{}, GeoJsonCodecProvider{}, GridFSFileCodecProvider{}, Jsr310CodecProvider{}, JsonObjectCodecProvider{}, BsonCodecProvider{}, EnumCodecProvider{}, com.mongodb.client.model.mql.ExpressionCodecProvider@1536ea40, com.mongodb.Jep395RecordCodecProvider@36776c32]}, loggerSettings=LoggerSettings{maxDocumentLength=1000}, clusterSettings={hosts=[127.0.0.1:27017], srvHost=cluster0.e7u7ibw.mongodb.net, srvServiceName=mongodb, mode=MULTIPLE, requiredClusterType=REPLICA_SET, requiredReplicaSetName='atlas-mq1szp-shard-0', serverSelector='null', clusterListeners='[]', serverSelectionTimeout='30000 ms', localThreshold='30000 ms'}, socketSettings=SocketSettings{connectTimeoutMS=10000, readTimeoutMS=0, receiveBufferSize=0, sendBufferSize=0}, heartbeatSocketSettings=SocketSettings{connectTimeoutMS=10000, readTimeoutMS=10000, receiveBufferSize=0, sendBufferSize=0}, connectionPoolSettings=ConnectionPoolSettings{maxSize=100, minSize=0, maxWaitTimeMS=120000, maxConnectionLifeTimeMS=0, maxConnectionIdleTimeMS=0, maintenanceInitialDelayMS=0, maintenanceFrequencyMS=60000, connectionPoolListeners=[], maxConnecting=2}, serverSettings=ServerSettings{heartbeatFrequencyMS=10000, minHeartbeatFrequencyMS=500, serverListeners='[]', serverMonitorListeners='[]'}, sslSettings=SslSettings{enabled=true, invalidHostNameAllowed=false, context=null}, applicationName='null', compressorList=[], uuidRepresentation=JAVA_LEGACY, serverApi=null, autoEncryptionSettings=null, contextProvider=null}
2023-09-13T15:43:33.346+02:00  INFO 16604 --- [ibw.mongodb.net] org.mongodb.driver.cluster               : Adding discovered server ac-rcpx4ay-shard-00-01.e7u7ibw.mongodb.net:27017 to client view of cluster
2023-09-13T15:43:33.380+02:00  INFO 16604 --- [ibw.mongodb.net] org.mongodb.driver.cluster               : Adding discovered server ac-rcpx4ay-shard-00-02.e7u7ibw.mongodb.net:27017 to client view of cluster
2023-09-13T15:43:33.380+02:00  INFO 16604 --- [ibw.mongodb.net] org.mongodb.driver.cluster               : Adding discovered server ac-rcpx4ay-shard-00-00.e7u7ibw.mongodb.net:27017 to client view of cluster
2023-09-13T15:43:33.987+02:00  INFO 16604 --- [ngodb.net:27017] org.mongodb.driver.cluster               : Monitor thread successfully connected to server with description ServerDescription{address=ac-rcpx4ay-shard-00-01.e7u7ibw.mongodb.net:27017, type=REPLICA_SET_PRIMARY, state=CONNECTED, ok=true, minWireVersion=0, maxWireVersion=17, maxDocumentSize=16777216, logicalSessionTimeoutMinutes=30, roundTripTimeNanos=277170700, setName='atlas-mq1szp-shard-0', canonicalAddress=ac-rcpx4ay-shard-00-01.e7u7ibw.mongodb.net:27017, hosts=[ac-rcpx4ay-shard-00-00.e7u7ibw.mongodb.net:27017, ac-rcpx4ay-shard-00-01.e7u7ibw.mongodb.net:27017, ac-rcpx4ay-shard-00-02.e7u7ibw.mongodb.net:27017], passives=[], arbiters=[], primary='ac-rcpx4ay-shard-00-01.e7u7ibw.mongodb.net:27017', tagSet=TagSet{[Tag{name='nodeType', value='ELECTABLE'}, Tag{name='provider', value='AWS'}, Tag{name='region', value='EU_CENTRAL_1'}, Tag{name='workloadType', value='OPERATIONAL'}]}, electionId=7fffffff0000000000000210, setVersion=7, topologyVersion=TopologyVersion{processId=64ff5eef737b837b48e1ce82, counter=6}, lastWriteDate=Wed Sep 13 15:43:34 CEST 2023, lastUpdateTimeNanos=1026376732375300}
2023-09-13T15:43:33.988+02:00  INFO 16604 --- [ngodb.net:27017] org.mongodb.driver.cluster               : Monitor thread successfully connected to server with description ServerDescription{address=ac-rcpx4ay-shard-00-00.e7u7ibw.mongodb.net:27017, type=REPLICA_SET_SECONDARY, state=CONNECTED, ok=true, minWireVersion=0, maxWireVersion=17, maxDocumentSize=16777216, logicalSessionTimeoutMinutes=30, roundTripTimeNanos=272350200, setName='atlas-mq1szp-shard-0', canonicalAddress=ac-rcpx4ay-shard-00-00.e7u7ibw.mongodb.net:27017, hosts=[ac-rcpx4ay-shard-00-00.e7u7ibw.mongodb.net:27017, ac-rcpx4ay-shard-00-01.e7u7ibw.mongodb.net:27017, ac-rcpx4ay-shard-00-02.e7u7ibw.mongodb.net:27017], passives=[], arbiters=[], primary='ac-rcpx4ay-shard-00-01.e7u7ibw.mongodb.net:27017', tagSet=TagSet{[Tag{name='nodeType', value='ELECTABLE'}, Tag{name='provider', value='AWS'}, Tag{name='region', value='EU_CENTRAL_1'}, Tag{name='workloadType', value='OPERATIONAL'}]}, electionId=null, setVersion=7, topologyVersion=TopologyVersion{processId=64ff5de2e7e17310955e2ce2, counter=4}, lastWriteDate=Wed Sep 13 15:43:34 CEST 2023, lastUpdateTimeNanos=1026376732576500}
2023-09-13T15:43:33.989+02:00  INFO 16604 --- [ngodb.net:27017] org.mongodb.driver.cluster               : Monitor thread successfully connected to server with description ServerDescription{address=ac-rcpx4ay-shard-00-02.e7u7ibw.mongodb.net:27017, type=REPLICA_SET_SECONDARY, state=CONNECTED, ok=true, minWireVersion=0, maxWireVersion=17, maxDocumentSize=16777216, logicalSessionTimeoutMinutes=30, roundTripTimeNanos=277171000, setName='atlas-mq1szp-shard-0', canonicalAddress=ac-rcpx4ay-shard-00-02.e7u7ibw.mongodb.net:27017, hosts=[ac-rcpx4ay-shard-00-00.e7u7ibw.mongodb.net:27017, ac-rcpx4ay-shard-00-01.e7u7ibw.mongodb.net:27017, ac-rcpx4ay-shard-00-02.e7u7ibw.mongodb.net:27017], passives=[], arbiters=[], primary='ac-rcpx4ay-shard-00-01.e7u7ibw.mongodb.net:27017', tagSet=TagSet{[Tag{name='nodeType', value='ELECTABLE'}, Tag{name='provider', value='AWS'}, Tag{name='region', value='EU_CENTRAL_1'}, Tag{name='workloadType', value='OPERATIONAL'}]}, electionId=null, setVersion=7, topologyVersion=TopologyVersion{processId=64ff5ff0947967a9fd3f690f, counter=3}, lastWriteDate=Wed Sep 13 15:43:34 GMT+02:00 2023, lastUpdateTimeNanos=1026376732375300}
2023-09-13T15:43:33.992+02:00  INFO 16604 --- [ngodb.net:27017] org.mongodb.driver.cluster               : Discovered replica set primary ac-rcpx4ay-shard-00-01.e7u7ibw.mongodb.net:27017 with max election id 7fffffff0000000000000210 and max set version 7
2023-09-13T15:43:34.274+02:00  INFO 16604 --- [           main] o.s.s.web.DefaultSecurityFilterChain     : Will secure any request with [org.springframework.security.web.session.DisableEncodeUrlFilter@4b07cad0, org.springframework.security.web.context.request.async.WebAsyncManagerIntegrationFilter@507049f2, org.springframework.security.web.context.SecurityContextHolderFilter@53e93fb7, org.springframework.security.web.header.HeaderWriterFilter@54329480, org.springframework.security.web.authentication.logout.LogoutFilter@4d67d5a4, org.springframework.web.filter.CorsFilter@4e94669c, com.mstitel.timemanager.Security.AuthenticationTokenFilter@41bb1f09, org.springframework.security.web.savedrequest.RequestCacheAwareFilter@2326180c, org.springframework.security.web.servletapi.SecurityContextHolderAwareRequestFilter@68e47e7, org.springframework.security.web.authentication.AnonymousAuthenticationFilter@349f0ca4, org.springframework.security.web.session.SessionManagementFilter@223967ea, org.springframework.security.web.access.ExceptionTranslationFilter@6a4af081, org.springframework.security.web.access.intercept.AuthorizationFilter@71dd4624]
2023-09-13T15:43:34.615+02:00  INFO 16604 --- [           main] c.m.t.TimemanagerApplicationTests        : Started TimemanagerApplicationTests in 3.02 seconds (process running for 3.988)
]]></system-out>
  </testcase>
</testsuite>